<?xml version="1.0" encoding="UTF-8"?>
<robot generator="Robot 4.1.2 (Python 3.10.0 on win32)" generated="20220111 05:32:58.324" rpa="false" schemaversion="2">
<suite id="s1" name="Xyz" source="C:\Users\91876\PycharmProjects\TranschainWebapp\Tests\Transchain\robo\xyz.robot">
<test id="s1-t1" name="Test_String_Word_repetition">
<kw name="Log To Console" library="BuiltIn">
<arg>${str}</arg>
<doc>Logs the given message to the console.</doc>
<status status="PASS" starttime="20220111 05:32:59.076" endtime="20220111 05:32:59.078"/>
</kw>
<kw name="Log To Console" library="BuiltIn">
<arg>${str2}</arg>
<doc>Logs the given message to the console.</doc>
<status status="PASS" starttime="20220111 05:32:59.079" endtime="20220111 05:32:59.080"/>
</kw>
<kw name="Split String" library="String">
<var>@{words}</var>
<arg>${str}</arg>
<doc>Splits the ``string`` using ``separator`` as a delimiter string.</doc>
<msg timestamp="20220111 05:32:59.081" level="INFO">@{words} = [ apple | mango | apple | 1 | 5 | 9 | s | d | f ]</msg>
<status status="PASS" starttime="20220111 05:32:59.080" endtime="20220111 05:32:59.082"/>
</kw>
<kw name="Split String" library="String">
<var>@{words2}</var>
<arg>${str2}</arg>
<doc>Splits the ``string`` using ``separator`` as a delimiter string.</doc>
<msg timestamp="20220111 05:32:59.083" level="INFO">@{words2} = [ ]</msg>
<status status="PASS" starttime="20220111 05:32:59.082" endtime="20220111 05:32:59.083"/>
</kw>
<kw name="Log To Console" library="BuiltIn">
<arg>${words}</arg>
<doc>Logs the given message to the console.</doc>
<status status="PASS" starttime="20220111 05:32:59.084" endtime="20220111 05:32:59.088"/>
</kw>
<kw name="Log To Console" library="BuiltIn">
<arg>${words2}</arg>
<doc>Logs the given message to the console.</doc>
<status status="PASS" starttime="20220111 05:32:59.089" endtime="20220111 05:32:59.091"/>
</kw>
<kw name="Get Length" library="BuiltIn">
<var>${cnt}</var>
<arg>${words}</arg>
<doc>Returns and logs the length of the given item as an integer.</doc>
<msg timestamp="20220111 05:32:59.092" level="INFO">Length is 9</msg>
<msg timestamp="20220111 05:32:59.092" level="INFO">${cnt} = 9</msg>
<status status="PASS" starttime="20220111 05:32:59.091" endtime="20220111 05:32:59.092"/>
</kw>
<kw name="Log To Console" library="BuiltIn">
<arg>${cnt}</arg>
<doc>Logs the given message to the console.</doc>
<status status="PASS" starttime="20220111 05:32:59.093" endtime="20220111 05:32:59.094"/>
</kw>
<doc>this test perform basic functionality of checking repetitioon of words</doc>
<tag>sanity</tag>
<status status="PASS" starttime="20220111 05:32:59.073" endtime="20220111 05:32:59.094"/>
</test>
<test id="s1-t2" name="Test_Collection_library">
<kw name="Create List" library="BuiltIn">
<var>@{x}</var>
<arg>b</arg>
<arg>g</arg>
<arg>f</arg>
<doc>Returns a list containing given items.</doc>
<msg timestamp="20220111 05:32:59.098" level="INFO">@{x} = [ b | g | f ]</msg>
<status status="PASS" starttime="20220111 05:32:59.097" endtime="20220111 05:32:59.098"/>
</kw>
<kw name="Create List" library="BuiltIn">
<var>@{animals}</var>
<arg>dog</arg>
<arg>cat</arg>
<arg>bear</arg>
<doc>Returns a list containing given items.</doc>
<msg timestamp="20220111 05:32:59.100" level="INFO">@{animals} = [ dog | cat | bear ]</msg>
<status status="PASS" starttime="20220111 05:32:59.099" endtime="20220111 05:32:59.100"/>
</kw>
<kw name="Log To Console" library="BuiltIn">
<arg>${animals}</arg>
<doc>Logs the given message to the console.</doc>
<status status="PASS" starttime="20220111 05:32:59.100" endtime="20220111 05:32:59.101"/>
</kw>
<kw name="Log To Console" library="BuiltIn">
<arg>${animals}[0]</arg>
<doc>Logs the given message to the console.</doc>
<status status="PASS" starttime="20220111 05:32:59.101" endtime="20220111 05:32:59.106"/>
</kw>
<kw name="Log To Console" library="BuiltIn">
<arg>${animals}[-1]</arg>
<doc>Logs the given message to the console.</doc>
<status status="PASS" starttime="20220111 05:32:59.106" endtime="20220111 05:32:59.107"/>
</kw>
<kw name="Create Dictionary" library="BuiltIn">
<var>&amp;{dictionary}</var>
<arg>key1=value1</arg>
<arg>key2=value2</arg>
<doc>Creates and returns a dictionary based on the given ``items``.</doc>
<msg timestamp="20220111 05:32:59.110" level="INFO">&amp;{dictionary} = { key1=value1 | key2=value2 }</msg>
<status status="PASS" starttime="20220111 05:32:59.108" endtime="20220111 05:32:59.110"/>
</kw>
<kw name="Log To Console" library="BuiltIn">
<arg>${dictionary}</arg>
<doc>Logs the given message to the console.</doc>
<status status="PASS" starttime="20220111 05:32:59.110" endtime="20220111 05:32:59.111"/>
</kw>
<kw name="Log To Console" library="BuiltIn">
<arg>${dictionary}[key1]</arg>
<doc>Logs the given message to the console.</doc>
<status status="PASS" starttime="20220111 05:32:59.112" endtime="20220111 05:32:59.113"/>
</kw>
<kw name="Log To Console" library="BuiltIn">
<arg>${dictionary.key2}</arg>
<doc>Logs the given message to the console.</doc>
<status status="PASS" starttime="20220111 05:32:59.113" endtime="20220111 05:32:59.116"/>
</kw>
<kw name="Append To List" library="Collections">
<arg>${animals}</arg>
<arg>x</arg>
<arg>y</arg>
<arg>z</arg>
<doc>Adds ``values`` to the end of ``list``.</doc>
<status status="PASS" starttime="20220111 05:32:59.116" endtime="20220111 05:32:59.118"/>
</kw>
<kw name="Log To Console" library="BuiltIn">
<arg>${animals}</arg>
<doc>Logs the given message to the console.</doc>
<status status="PASS" starttime="20220111 05:32:59.121" endtime="20220111 05:32:59.123"/>
</kw>
<kw name="Log To Console" library="BuiltIn">
<arg>${x}</arg>
<doc>Logs the given message to the console.</doc>
<status status="PASS" starttime="20220111 05:32:59.123" endtime="20220111 05:32:59.124"/>
</kw>
<kw name="Combine Lists" library="Collections">
<var>${y}</var>
<arg>${animals}</arg>
<arg>${x}</arg>
<doc>Combines the given ``lists`` together and returns the result.</doc>
<msg timestamp="20220111 05:32:59.126" level="INFO">${y} = ['dog', 'cat', 'bear', 'x', 'y', 'z', 'b', 'g', 'f']</msg>
<status status="PASS" starttime="20220111 05:32:59.124" endtime="20220111 05:32:59.126"/>
</kw>
<kw name="Log To Console" library="BuiltIn">
<arg>${y}</arg>
<doc>Logs the given message to the console.</doc>
<status status="PASS" starttime="20220111 05:32:59.126" endtime="20220111 05:32:59.127"/>
</kw>
<kw name="Convert To List" library="Collections">
<arg>&amp;{dictionary}=</arg>
<doc>Converts the given ``item`` to a Python ``list`` type.</doc>
<status status="PASS" starttime="20220111 05:32:59.128" endtime="20220111 05:32:59.129"/>
</kw>
<kw name="Log To Console" library="BuiltIn">
<arg>${dictionary}</arg>
<doc>Logs the given message to the console.</doc>
<status status="PASS" starttime="20220111 05:32:59.130" endtime="20220111 05:32:59.131"/>
</kw>
<kw name="Count Values In List" library="Collections">
<var>${xa}</var>
<arg>${y}</arg>
<arg>b</arg>
<doc>Returns the number of occurrences of the given ``value`` in ``list``.</doc>
<msg timestamp="20220111 05:32:59.132" level="INFO">${xa} = 1</msg>
<status status="PASS" starttime="20220111 05:32:59.131" endtime="20220111 05:32:59.132"/>
</kw>
<kw name="Log To Console" library="BuiltIn">
<arg>${xa}</arg>
<doc>Logs the given message to the console.</doc>
<status status="PASS" starttime="20220111 05:32:59.133" endtime="20220111 05:32:59.133"/>
</kw>
<kw name="Get Dictionary Items" library="Collections">
<var>${items}</var>
<arg>${dictionary}</arg>
<doc>Returns items of the given ``dictionary`` as a list.</doc>
<msg timestamp="20220111 05:32:59.139" level="INFO">${items} = ['key1', 'value1', 'key2', 'value2']</msg>
<status status="PASS" starttime="20220111 05:32:59.133" endtime="20220111 05:32:59.140"/>
</kw>
<kw name="Log To Console" library="BuiltIn">
<arg>${dictionary}</arg>
<doc>Logs the given message to the console.</doc>
<status status="PASS" starttime="20220111 05:32:59.140" endtime="20220111 05:32:59.142"/>
</kw>
<kw name="Get Dictionary Keys" library="Collections">
<var>${keys}</var>
<arg>${dictionary}</arg>
<doc>Returns keys of the given ``dictionary`` as a list.</doc>
<msg timestamp="20220111 05:32:59.143" level="INFO">${keys} = ['key1', 'key2']</msg>
<status status="PASS" starttime="20220111 05:32:59.142" endtime="20220111 05:32:59.143"/>
</kw>
<kw name="Log To Console" library="BuiltIn">
<arg>${keys}</arg>
<doc>Logs the given message to the console.</doc>
<status status="PASS" starttime="20220111 05:32:59.144" endtime="20220111 05:32:59.145"/>
</kw>
<kw name="Get Dictionary Values" library="Collections">
<var>${values}</var>
<arg>${dictionary}</arg>
<doc>Returns values of the given ``dictionary`` as a list.</doc>
<msg timestamp="20220111 05:32:59.146" level="INFO">${values} = ['value1', 'value2']</msg>
<status status="PASS" starttime="20220111 05:32:59.145" endtime="20220111 05:32:59.146"/>
</kw>
<kw name="Log To Console" library="BuiltIn">
<arg>${values}</arg>
<doc>Logs the given message to the console.</doc>
<status status="PASS" starttime="20220111 05:32:59.147" endtime="20220111 05:32:59.148"/>
</kw>
<kw name="Get From Dictionary" library="Collections">
<var>${value}</var>
<arg>${dictionary}</arg>
<arg>key2</arg>
<doc>Returns a value from the given ``dictionary`` based on the given ``key``.</doc>
<msg timestamp="20220111 05:32:59.150" level="INFO">${value} = value2</msg>
<status status="PASS" starttime="20220111 05:32:59.149" endtime="20220111 05:32:59.150"/>
</kw>
<kw name="Log To Console" library="BuiltIn">
<arg>${value}</arg>
<doc>Logs the given message to the console.</doc>
<status status="PASS" starttime="20220111 05:32:59.150" endtime="20220111 05:32:59.151"/>
</kw>
<kw name="Set To Dictionary" library="Collections">
<var>${abc}</var>
<arg>${dictionary}</arg>
<arg>key</arg>
<arg>value</arg>
<doc>Adds the given ``key_value_pairs`` and ``items`` to the ``dictionary``.</doc>
<msg timestamp="20220111 05:32:59.158" level="INFO">${abc} = {'key1': 'value1', 'key2': 'value2', 'key': 'value'}</msg>
<status status="PASS" starttime="20220111 05:32:59.151" endtime="20220111 05:32:59.158"/>
</kw>
<kw name="Log To Console" library="BuiltIn">
<arg>${abc}</arg>
<doc>Logs the given message to the console.</doc>
<status status="PASS" starttime="20220111 05:32:59.158" endtime="20220111 05:32:59.160"/>
</kw>
<kw name="Create List" library="BuiltIn">
<var>@{L}</var>
<arg>b</arg>
<arg>g</arg>
<arg>f</arg>
<arg>2</arg>
<arg>1</arg>
<arg>a</arg>
<arg>c</arg>
<arg>b</arg>
<doc>Returns a list containing given items.</doc>
<msg timestamp="20220111 05:32:59.161" level="INFO">@{L} = [ b | g | f | 2 | 1 | a | c | b ]</msg>
<status status="PASS" starttime="20220111 05:32:59.160" endtime="20220111 05:32:59.161"/>
</kw>
<kw name="Log To Console" library="BuiltIn">
<arg>${L}</arg>
<doc>Logs the given message to the console.</doc>
<status status="PASS" starttime="20220111 05:32:59.162" endtime="20220111 05:32:59.163"/>
</kw>
<kw name="Sort List" library="Collections">
<arg>${L}</arg>
<doc>Sorts the given list in place.</doc>
<status status="PASS" starttime="20220111 05:32:59.163" endtime="20220111 05:32:59.164"/>
</kw>
<kw name="Log To Console" library="BuiltIn">
<arg>${L}</arg>
<doc>Logs the given message to the console.</doc>
<status status="PASS" starttime="20220111 05:32:59.164" endtime="20220111 05:32:59.166"/>
</kw>
<kw name="Insert Into List" library="Collections">
<arg>${L}</arg>
<arg>0</arg>
<arg>xxx</arg>
<doc>Inserts ``value`` into ``list`` to the position specified with ``index``.</doc>
<status status="PASS" starttime="20220111 05:32:59.167" endtime="20220111 05:32:59.168"/>
</kw>
<kw name="Log To Console" library="BuiltIn">
<arg>${L}</arg>
<doc>Logs the given message to the console.</doc>
<status status="PASS" starttime="20220111 05:32:59.170" endtime="20220111 05:32:59.174"/>
</kw>
<kw name="Get Slice From List" library="Collections">
<var>${xrt}</var>
<arg>${L}</arg>
<arg>2</arg>
<arg>4</arg>
<doc>Returns a slice of the given list between ``start`` and ``end`` indexes.</doc>
<msg timestamp="20220111 05:32:59.176" level="INFO">${xrt} = ['2', 'a']</msg>
<status status="PASS" starttime="20220111 05:32:59.174" endtime="20220111 05:32:59.176"/>
</kw>
<doc>this test perform basic functionality of checking keywords of collection library</doc>
<tag>collection</tag>
<status status="PASS" starttime="20220111 05:32:59.095" endtime="20220111 05:32:59.177"/>
</test>
<doc>| =A= | =B= | = C = | 
 | 1 | Hello | world! | 
 | 2 | Hii. | Ashish | 
 | 3 | string | doc. |</doc>
<status status="PASS" starttime="20220111 05:32:58.339" endtime="20220111 05:32:59.179"/>
</suite>
<statistics>
<total>
<stat pass="2" fail="0" skip="0">All Tests</stat>
</total>
<tag>
<stat pass="1" fail="0" skip="0">collection</stat>
<stat pass="1" fail="0" skip="0">sanity</stat>
</tag>
<suite>
<stat pass="2" fail="0" skip="0" id="s1" name="Xyz">Xyz</stat>
</suite>
</statistics>
<errors>
<msg timestamp="20220111 05:32:58.982" level="ERROR">Error in file 'C:\Users\91876\PycharmProjects\TranschainWebapp\Tests\Transchain\robo\xyz.robot' on line 5: Variable file 'xyz.py' does not exist.</msg>
</errors>
</robot>
